2026-02-19 22:19:22,026 - root - ERROR - Status label error: '>' not supported between instances of 'NoneType' and 'int'
2026-02-19 22:19:22,107 - root - INFO - Trading Dashboard initialized successfully
2026-02-19 22:19:23,039 - root - ERROR - Status label error: '>' not supported between instances of 'NoneType' and 'int'
2026-02-19 22:19:24,040 - root - ERROR - Status label error: '>' not supported between instances of 'NoneType' and 'int'
2026-02-19 22:19:25,050 - root - ERROR - Status label error: '>' not supported between instances of 'NoneType' and 'int'
2026-02-19 22:19:26,062 - root - ERROR - Status label error: '>' not supported between instances of 'NoneType' and 'int'
2026-02-19 22:19:27,075 - root - ERROR - Status label error: '>' not supported between instances of 'NoneType' and 'int'
2026-02-19 22:19:28,088 - root - ERROR - Status label error: '>' not supported between instances of 'NoneType' and 'int'
2026-02-19 22:19:29,096 - root - ERROR - Status label error: '>' not supported between instances of 'NoneType' and 'int'
2026-02-19 22:19:30,098 - root - ERROR - Status label error: '>' not supported between instances of 'NoneType' and 'int'
2026-02-19 22:20:29,989 - root - ERROR - Status label error: '>' not supported between instances of 'NoneType' and 'int'
2026-02-19 22:20:30,074 - root - INFO - Trading Dashboard initialized successfully
2026-02-19 22:20:30,992 - root - ERROR - Status label error: '>' not supported between instances of 'NoneType' and 'int'
2026-02-19 22:20:31,994 - root - ERROR - Status label error: '>' not supported between instances of 'NoneType' and 'int'
2026-02-19 22:20:33,001 - root - ERROR - Status label error: '>' not supported between instances of 'NoneType' and 'int'
2026-02-19 22:20:34,084 - root - ERROR - Status label error: '>' not supported between instances of 'NoneType' and 'int'
2026-02-19 22:20:35,089 - root - ERROR - Status label error: '>' not supported between instances of 'NoneType' and 'int'
2026-02-19 22:20:36,089 - root - ERROR - Status label error: '>' not supported between instances of 'NoneType' and 'int'
2026-02-19 22:20:37,094 - root - ERROR - Status label error: '>' not supported between instances of 'NoneType' and 'int'
2026-02-19 22:20:38,106 - root - ERROR - Status label error: '>' not supported between instances of 'NoneType' and 'int'
2026-02-19 22:20:39,110 - root - ERROR - Status label error: '>' not supported between instances of 'NoneType' and 'int'
2026-02-19 22:20:40,169 - root - ERROR - Status label error: '>' not supported between instances of 'NoneType' and 'int'
2026-02-19 22:20:41,171 - root - ERROR - Status label error: '>' not supported between instances of 'NoneType' and 'int'
2026-02-19 22:20:42,171 - root - ERROR - Status label error: '>' not supported between instances of 'NoneType' and 'int'
2026-02-19 22:20:43,177 - root - ERROR - Status label error: '>' not supported between instances of 'NoneType' and 'int'
2026-02-19 22:20:44,182 - root - ERROR - Status label error: '>' not supported between instances of 'NoneType' and 'int'
2026-02-19 22:20:45,184 - root - ERROR - Status label error: '>' not supported between instances of 'NoneType' and 'int'
2026-02-19 22:20:46,185 - root - ERROR - Status label error: '>' not supported between instances of 'NoneType' and 'int'
2026-02-19 22:20:47,186 - root - ERROR - Status label error: '>' not supported between instances of 'NoneType' and 'int'
2026-02-19 22:20:48,198 - root - ERROR - Status label error: '>' not supported between instances of 'NoneType' and 'int'
2026-02-19 22:20:49,199 - root - ERROR - Status label error: '>' not supported between instances of 'NoneType' and 'int'
2026-02-19 22:20:50,251 - root - ERROR - Status label error: '>' not supported between instances of 'NoneType' and 'int'
2026-02-19 22:20:51,261 - root - ERROR - Status label error: '>' not supported between instances of 'NoneType' and 'int'
2026-02-19 22:20:52,262 - root - ERROR - Status label error: '>' not supported between instances of 'NoneType' and 'int'
2026-02-19 22:20:53,263 - root - ERROR - Status label error: '>' not supported between instances of 'NoneType' and 'int'
2026-02-19 22:20:54,269 - root - ERROR - Status label error: '>' not supported between instances of 'NoneType' and 'int'
2026-02-19 22:20:55,274 - root - ERROR - Status label error: '>' not supported between instances of 'NoneType' and 'int'
2026-02-19 22:20:56,275 - root - ERROR - Status label error: '>' not supported between instances of 'NoneType' and 'int'
2026-02-19 22:20:57,282 - root - ERROR - Status label error: '>' not supported between instances of 'NoneType' and 'int'
2026-02-19 22:20:58,306 - FyersAPIRequest - DEBUG - {'Status Code': 200, 'API': '/funds'}
2026-02-19 22:20:58,310 - new_main - INFO - [Settings] Applied trade and P/L configs: capital_reserve=0, lot_size=65, max_num_of_option=1800, tp_percentage=15.0, stoploss_percentage=8.0
2026-02-19 22:20:58,311 - root - ERROR - Status label error: '>' not supported between instances of 'NoneType' and 'int'
2026-02-19 22:20:59,311 - root - ERROR - Status label error: '>' not supported between instances of 'NoneType' and 'int'
2026-02-19 22:21:00,351 - root - ERROR - Status label error: '>' not supported between instances of 'NoneType' and 'int'
2026-02-19 22:21:01,354 - root - ERROR - Status label error: '>' not supported between instances of 'NoneType' and 'int'
2026-02-19 22:21:02,360 - root - ERROR - Status label error: '>' not supported between instances of 'NoneType' and 'int'
2026-02-19 22:21:03,373 - root - ERROR - Status label error: '>' not supported between instances of 'NoneType' and 'int'
2026-02-19 22:21:04,377 - root - ERROR - Status label error: '>' not supported between instances of 'NoneType' and 'int'
2026-02-19 22:21:05,379 - root - ERROR - Status label error: '>' not supported between instances of 'NoneType' and 'int'
2026-02-19 22:21:06,386 - root - ERROR - Status label error: '>' not supported between instances of 'NoneType' and 'int'
2026-02-19 22:21:07,387 - root - ERROR - Status label error: '>' not supported between instances of 'NoneType' and 'int'
2026-02-19 22:21:08,388 - root - ERROR - Status label error: '>' not supported between instances of 'NoneType' and 'int'
2026-02-19 22:21:09,400 - root - ERROR - Status label error: '>' not supported between instances of 'NoneType' and 'int'
2026-02-19 22:21:10,441 - root - INFO - Switched to Manual Trading Mode
2026-02-19 22:21:10,442 - root - ERROR - Status label error: '>' not supported between instances of 'NoneType' and 'int'
2026-02-19 22:21:11,448 - root - ERROR - Status label error: '>' not supported between instances of 'NoneType' and 'int'
2026-02-19 22:21:11,751 - root - INFO - Switched to Automatic (Algo) Trading Mode
2026-02-19 22:21:12,456 - root - ERROR - Status label error: '>' not supported between instances of 'NoneType' and 'int'
2026-02-19 22:21:12,591 - root - INFO - Switched to Automatic (Algo) Trading Mode
2026-02-19 22:21:13,027 - root - INFO - Switched to Manual Trading Mode
2026-02-19 22:21:13,469 - root - ERROR - Status label error: '>' not supported between instances of 'NoneType' and 'int'
2026-02-19 22:21:14,481 - root - ERROR - Status label error: '>' not supported between instances of 'NoneType' and 'int'
2026-02-19 22:21:15,483 - root - ERROR - Status label error: '>' not supported between instances of 'NoneType' and 'int'
2026-02-19 22:21:16,483 - root - ERROR - Status label error: '>' not supported between instances of 'NoneType' and 'int'
2026-02-19 22:23:21,976 - root - INFO - Trading Dashboard initialized successfully
2026-02-19 22:23:34,159 - root - ERROR - Stats tab creation error: bad window path name "<gui.StatsTab.StatsTab object at 0x0000023C648FA990>"
2026-02-19 22:23:34,255 - root - INFO - Broker reloaded successfully
