{"level":"ERROR","location":"[get_call:146] fyersModel","message":{"API":"/funds","Error":{"code":-16,"message":"Could not authenticate the user","s":"error"}},"timestamp":"2026-02-19 22:11:41,595+0530","service":"FyersAPI"}
{"level":"ERROR","location":"[get_call:146] fyersModel","message":{"API":"/history","Error":{"code":-300,"message":"Invalid symbol provided","s":"error"}},"timestamp":"2026-02-20 19:16:59,906+0530","service":"FyersAPI"}
{"level":"ERROR","location":"[get_call:146] fyersModel","message":{"API":"/history","Error":{"code":-300,"message":"Invalid symbol provided","s":"error"}},"timestamp":"2026-02-20 19:22:09,932+0530","service":"FyersAPI"}
{"level":"ERROR","location":"[get_call:146] fyersModel","message":{"API":"/history","Error":{"code":-300,"message":"Invalid symbol provided","s":"error"}},"timestamp":"2026-02-20 19:22:10,922+0530","service":"FyersAPI"}
{"level":"ERROR","location":"[get_call:146] fyersModel","message":{"API":"/history","Error":{"code":-300,"message":"Invalid symbol provided","s":"error"}},"timestamp":"2026-02-20 19:28:06,209+0530","service":"FyersAPI"}
{"level":"ERROR","location":"[get_call:146] fyersModel","message":{"API":"/history","Error":{"code":-300,"message":"Invalid symbol provided","s":"error"}},"timestamp":"2026-02-20 19:30:34,490+0530","service":"FyersAPI"}
{"level":"ERROR","location":"[get_call:146] fyersModel","message":{"API":"/history","Error":{"code":-300,"message":"Invalid symbol provided","s":"error"}},"timestamp":"2026-02-20 19:37:31,568+0530","service":"FyersAPI"}
{"level":"ERROR","location":"[get_call:146] fyersModel","message":{"API":"/history","Error":{"code":-300,"message":"Invalid symbol provided","s":"error"}},"timestamp":"2026-02-20 19:37:32,724+0530","service":"FyersAPI"}
{"level":"ERROR","location":"[get_call:146] fyersModel","message":{"API":"/history","Error":{"code":-300,"message":"Invalid symbol provided","s":"error"}},"timestamp":"2026-02-20 19:55:20,545+0530","service":"FyersAPI"}
{"level":"ERROR","location":"[get_call:146] fyersModel","message":{"API":"/history","Error":{"code":-300,"message":"Invalid symbol provided","s":"error"}},"timestamp":"2026-02-20 20:04:49,276+0530","service":"FyersAPI"}
{"level":"ERROR","location":"[get_call:146] fyersModel","message":{"API":"/history","Error":{"code":-300,"message":"Invalid symbol provided","s":"error"}},"timestamp":"2026-02-20 20:11:16,260+0530","service":"FyersAPI"}
{"level":"ERROR","location":"[get_call:146] fyersModel","message":{"API":"/history","Error":{"code":-300,"message":"Invalid symbol provided","s":"error"}},"timestamp":"2026-02-20 20:11:17,290+0530","service":"FyersAPI"}
{"level":"ERROR","location":"[get_call:146] fyersModel","message":{"API":"/history","Error":{"code":-300,"message":"Invalid symbol provided","s":"error"}},"timestamp":"2026-02-20 20:19:56,772+0530","service":"FyersAPI"}
{"level":"ERROR","location":"[get_call:146] fyersModel","message":{"API":"/history","Error":{"code":-300,"message":"Invalid symbol provided","s":"error"}},"timestamp":"2026-02-20 20:19:57,792+0530","service":"FyersAPI"}
{"level":"ERROR","location":"[get_call:146] fyersModel","message":{"API":"/history","Error":{"code":-300,"message":"Invalid symbol provided","s":"error"}},"timestamp":"2026-02-20 20:22:12,766+0530","service":"FyersAPI"}
{"level":"ERROR","location":"[get_call:146] fyersModel","message":{"API":"/history","Error":{"code":-300,"message":"Invalid symbol provided","s":"error"}},"timestamp":"2026-02-20 20:24:21,264+0530","service":"FyersAPI"}
{"level":"ERROR","location":"[get_call:146] fyersModel","message":{"API":"/history","Error":{"code":-300,"message":"Invalid symbol provided","s":"error"}},"timestamp":"2026-02-20 20:29:36,252+0530","service":"FyersAPI"}
{"level":"ERROR","location":"[get_call:146] fyersModel","message":{"API":"/history","Error":{"code":-300,"message":"Invalid symbol provided","s":"error"}},"timestamp":"2026-02-20 20:43:09,238+0530","service":"FyersAPI"}
{"level":"ERROR","location":"[get_call:146] fyersModel","message":{"API":"/history","Error":{"code":-300,"message":"Invalid symbol provided","s":"error"}},"timestamp":"2026-02-20 20:45:18,658+0530","service":"FyersAPI"}
{"level":"ERROR","location":"[get_call:146] fyersModel","message":{"API":"/history","Error":{"code":-300,"message":"Invalid symbol provided","s":"error"}},"timestamp":"2026-02-20 20:56:37,305+0530","service":"FyersAPI"}
{"level":"ERROR","location":"[get_call:146] fyersModel","message":{"API":"/history","Error":{"code":-300,"message":"Invalid symbol provided","s":"error"}},"timestamp":"2026-02-20 21:18:44,114+0530","service":"FyersAPI"}
{"level":"ERROR","location":"[get_call:146] fyersModel","message":{"API":"/history","Error":{"code":-300,"message":"Invalid symbol provided","s":"error"}},"timestamp":"2026-02-20 21:27:18,050+0530","service":"FyersAPI"}
{"level":"ERROR","location":"[get_call:146] fyersModel","message":{"API":"/history","Error":{"code":-300,"message":"Invalid symbol provided","s":"error"}},"timestamp":"2026-02-20 21:32:36,109+0530","service":"FyersAPI"}
{"level":"ERROR","location":"[get_call:146] fyersModel","message":{"API":"/history","Error":{"code":-300,"message":"Invalid symbol provided","s":"error"}},"timestamp":"2026-02-20 21:48:44,144+0530","service":"FyersAPI"}
{"level":"ERROR","location":"[get_call:146] fyersModel","message":{"API":"/history","Error":{"code":-300,"message":"Invalid symbol provided","s":"error"}},"timestamp":"2026-02-21 06:46:50,973+0530","service":"FyersAPI"}
{"level":"ERROR","location":"[get_call:146] fyersModel","message":{"API":"/history","Error":{"code":-300,"message":"Invalid symbol provided","s":"error"}},"timestamp":"2026-02-21 06:50:08,187+0530","service":"FyersAPI"}
{"level":"ERROR","location":"[get_call:146] fyersModel","message":{"API":"/history","Error":{"code":-300,"message":"Invalid symbol provided","s":"error"}},"timestamp":"2026-02-21 07:50:25,203+0530","service":"FyersAPI"}
{"level":"ERROR","location":"[get_call:146] fyersModel","message":{"API":"/history","Error":{"code":-300,"message":"Invalid symbol provided","s":"error"}},"timestamp":"2026-02-21 08:05:54,892+0530","service":"FyersAPI"}
{"level":"ERROR","location":"[get_call:146] fyersModel","message":{"API":"/history","Error":{"code":-300,"message":"Invalid symbol provided","s":"error"}},"timestamp":"2026-02-21 08:05:55,974+0530","service":"FyersAPI"}
{"level":"ERROR","location":"[get_call:146] fyersModel","message":{"API":"/history","Error":{"code":-300,"message":"Invalid symbol provided","s":"error"}},"timestamp":"2026-02-21 08:11:28,370+0530","service":"FyersAPI"}
{"level":"ERROR","location":"[get_call:146] fyersModel","message":{"API":"/history","Error":{"code":-300,"message":"Invalid symbol provided","s":"error"}},"timestamp":"2026-02-21 08:11:29,774+0530","service":"FyersAPI"}
{"level":"ERROR","location":"[get_call:146] fyersModel","message":{"API":"/history","Error":{"code":-300,"message":"Invalid symbol provided","s":"error"}},"timestamp":"2026-02-21 12:26:03,783+0530","service":"FyersAPI"}
{"level":"ERROR","location":"[get_call:146] fyersModel","message":{"API":"/history","Error":{"code":-300,"message":"Invalid symbol provided","s":"error"}},"timestamp":"2026-02-21 12:26:04,810+0530","service":"FyersAPI"}
{"level":"ERROR","location":"[get_call:146] fyersModel","message":{"API":"/history","Error":{"code":-300,"message":"Invalid symbol provided","s":"error"}},"timestamp":"2026-02-21 12:28:48,530+0530","service":"FyersAPI"}
{"level":"ERROR","location":"[get_call:146] fyersModel","message":{"API":"/history","Error":{"code":-300,"message":"Invalid symbol provided","s":"error"}},"timestamp":"2026-02-21 12:30:23,391+0530","service":"FyersAPI"}
{"level":"ERROR","location":"[get_call:146] fyersModel","message":{"API":"/history","Error":{"code":-300,"message":"Invalid symbol provided","s":"error"}},"timestamp":"2026-02-21 12:43:13,889+0530","service":"FyersAPI"}
{"level":"ERROR","location":"[get_call:146] fyersModel","message":{"API":"/history","Error":{"code":-300,"message":"Invalid symbol provided","s":"error"}},"timestamp":"2026-02-21 12:44:23,156+0530","service":"FyersAPI"}
{"level":"ERROR","location":"[get_call:146] fyersModel","message":{"API":"/history","Error":{"code":-300,"message":"Invalid symbol provided","s":"error"}},"timestamp":"2026-02-21 12:54:01,841+0530","service":"FyersAPI"}
{"level":"ERROR","location":"[get_call:146] fyersModel","message":{"API":"/history","Error":{"code":-300,"message":"Invalid symbol provided","s":"error"}},"timestamp":"2026-02-21 13:07:15,978+0530","service":"FyersAPI"}
{"level":"ERROR","location":"[get_call:146] fyersModel","message":{"API":"/history","Error":{"code":-300,"message":"Invalid symbol provided","s":"error"}},"timestamp":"2026-02-21 13:24:54,095+0530","service":"FyersAPI"}
{"level":"ERROR","location":"[get_call:146] fyersModel","message":{"API":"/history","Error":{"code":-300,"message":"Invalid symbol provided","s":"error"}},"timestamp":"2026-02-21 13:33:06,002+0530","service":"FyersAPI"}
{"level":"ERROR","location":"[get_call:146] fyersModel","message":{"API":"/history","Error":{"code":-300,"message":"Invalid symbol provided","s":"error"}},"timestamp":"2026-02-21 13:35:05,890+0530","service":"FyersAPI"}
{"level":"ERROR","location":"[get_call:146] fyersModel","message":{"API":"/history","Error":{"code":-300,"message":"Invalid symbol provided","s":"error"}},"timestamp":"2026-02-21 19:04:10,818+0530","service":"FyersAPI"}
{"level":"ERROR","location":"[get_call:146] fyersModel","message":{"API":"/history","Error":{"code":-300,"message":"Invalid symbol provided","s":"error"}},"timestamp":"2026-02-21 19:04:11,870+0530","service":"FyersAPI"}
{"level":"ERROR","location":"[get_call:146] fyersModel","message":{"API":"/history","Error":{"code":-300,"message":"Invalid symbol provided","s":"error"}},"timestamp":"2026-02-21 19:12:05,887+0530","service":"FyersAPI"}
{"level":"ERROR","location":"[get_call:146] fyersModel","message":{"API":"/history","Error":{"code":-300,"message":"Invalid symbol provided","s":"error"}},"timestamp":"2026-02-21 19:12:06,915+0530","service":"FyersAPI"}
{"level":"ERROR","location":"[get_call:146] fyersModel","message":{"API":"/history","Error":{"code":-300,"message":"Invalid symbol provided","s":"error"}},"timestamp":"2026-02-21 19:19:18,492+0530","service":"FyersAPI"}
{"level":"ERROR","location":"[get_call:146] fyersModel","message":{"API":"/history","Error":{"code":-300,"message":"Invalid symbol provided","s":"error"}},"timestamp":"2026-02-21 19:34:03,645+0530","service":"FyersAPI"}
{"level":"ERROR","location":"[get_call:146] fyersModel","message":{"API":"/history","Error":{"code":-300,"message":"Invalid symbol provided","s":"error"}},"timestamp":"2026-02-21 19:34:04,714+0530","service":"FyersAPI"}
{"level":"ERROR","location":"[get_call:146] fyersModel","message":{"API":"/history","Error":{"code":-300,"message":"Invalid symbol provided","s":"error"}},"timestamp":"2026-02-21 20:14:30,286+0530","service":"FyersAPI"}
{"level":"ERROR","location":"[get_call:146] fyersModel","message":{"API":"/history","Error":{"code":-300,"message":"Invalid symbol provided","s":"error"}},"timestamp":"2026-02-21 21:37:42,641+0530","service":"FyersAPI"}
{"level":"ERROR","location":"[get_call:146] fyersModel","message":{"API":"/history","Error":{"code":-300,"message":"Invalid symbol provided","s":"error"}},"timestamp":"2026-02-21 21:46:51,316+0530","service":"FyersAPI"}
{"level":"ERROR","location":"[get_call:146] fyersModel","message":{"API":"/history","Error":{"code":-300,"message":"Invalid symbol provided","s":"error"}},"timestamp":"2026-02-21 21:51:57,414+0530","service":"FyersAPI"}
{"level":"ERROR","location":"[get_call:146] fyersModel","message":{"API":"/history","Error":{"code":-300,"message":"Invalid symbol provided","s":"error"}},"timestamp":"2026-02-21 21:53:33,245+0530","service":"FyersAPI"}
{"level":"ERROR","location":"[get_call:146] fyersModel","message":{"API":"/funds","Error":{"code":-16,"message":"Could not authenticate the user","s":"error"}},"timestamp":"2026-02-22 09:38:51,410+0530","service":"FyersAPI"}
{"level":"ERROR","location":"[get_call:146] fyersModel","message":{"API":"/quotes","Error":{"message":"Please provide valid token","code":-15,"s":"error"}},"timestamp":"2026-02-22 09:38:51,936+0530","service":"FyersAPI"}
{"level":"ERROR","location":"[get_call:146] fyersModel","message":{"API":"/history","Error":{"code":-300,"message":"Invalid symbol provided","s":"error"}},"timestamp":"2026-02-22 09:40:21,204+0530","service":"FyersAPI"}
{"level":"ERROR","location":"[get_call:146] fyersModel","message":{"API":"/history","Error":{"code":-300,"message":"Invalid symbol provided","s":"error"}},"timestamp":"2026-02-22 09:40:22,273+0530","service":"FyersAPI"}
{"level":"ERROR","location":"[get_call:146] fyersModel","message":{"API":"/history","Error":{"code":-300,"message":"Invalid symbol provided","s":"error"}},"timestamp":"2026-02-22 09:49:34,529+0530","service":"FyersAPI"}
{"level":"ERROR","location":"[get_call:146] fyersModel","message":{"API":"/history","Error":{"code":-300,"message":"Invalid symbol provided","s":"error"}},"timestamp":"2026-02-22 09:49:35,657+0530","service":"FyersAPI"}
{"level":"ERROR","location":"[get_call:164] fyersModel","message":{"API":"/funds","error":"HTTPSConnectionPool(host='api-t1.fyers.in', port=443): Max retries exceeded with url: /api/v3/funds (Caused by NameResolutionError(\"<urllib3.connection.HTTPSConnection object at 0x000002747D604980>: Failed to resolve 'api-t1.fyers.in' ([Errno 11001] getaddrinfo failed)\"))"},"timestamp":"2026-02-22 16:01:23,508+0530","service":"FyersAPI"}
{"level":"ERROR","location":"[get_call:164] fyersModel","message":{"API":"/quotes","error":"HTTPSConnectionPool(host='api-t1.fyers.in', port=443): Max retries exceeded with url: /data/quotes?symbols=NSE%3ANIFTY50-INDEX (Caused by NameResolutionError(\"<urllib3.connection.HTTPSConnection object at 0x000002747D5EE5D0>: Failed to resolve 'api-t1.fyers.in' ([Errno 11001] getaddrinfo failed)\"))"},"timestamp":"2026-02-22 16:01:23,595+0530","service":"FyersAPI"}
